2021-12-14 09:21:23 INFO     Thread started
2021-12-14 09:21:23 INFO     Flask started
2021-12-14 09:21:23 INFO      * Running on http://localhost:8080/ (Press CTRL+C to quit)
2021-12-14 09:21:30 INFO     127.0.0.1 - - [14/Dec/2021 09:21:30] "GET / HTTP/1.1" 200 -
2021-12-14 09:21:35 INFO     Configurações modificadas:{'hour': '21:11:00', 'next_precipitation': '0.40', 'precipitation_limit': '2.0', 'valves': [{'duration': '00:00:20', 'name': 'atras', 'gpio': 2, 'remains': '00:00:00'}, {'duration': '00:00:20', 'name': 'Frente', 'gpio': '1', 'remains': '00:00:00'}]}
2021-12-14 09:21:35 INFO     127.0.0.1 - - [14/Dec/2021 09:21:35] "PUT /set_name/0/atras HTTP/1.1" 200 -
2021-12-14 09:21:49 INFO     Configurações modificadas:{'hour': '09:23:00', 'next_precipitation': '0.40', 'precipitation_limit': '2.0', 'valves': [{'duration': '00:00:20', 'name': 'atras', 'gpio': 2, 'remains': '00:00:00'}, {'duration': '00:00:20', 'name': 'Frente', 'gpio': '1', 'remains': '00:00:00'}]}
2021-12-14 09:21:49 INFO     127.0.0.1 - - [14/Dec/2021 09:21:49] "PUT /set_hour/09:23:00 HTTP/1.1" 200 -
2021-12-14 09:21:54 INFO     Configurações modificadas:{'hour': '09:23:00', 'next_precipitation': '0.40', 'precipitation_limit': '2.0', 'valves': [{'duration': '00:00:20', 'name': 'atras', 'gpio': 2, 'remains': '00:00:00'}, {'duration': '00:00:20', 'name': 'Frente', 'gpio': '1', 'remains': '00:00:00'}]}
2021-12-14 09:21:54 INFO     127.0.0.1 - - [14/Dec/2021 09:21:54] "PUT /set_duration/0/00:00:20 HTTP/1.1" 200 -
2021-12-14 09:21:59 INFO     Configurações modificadas:{'hour': '09:23:00', 'next_precipitation': '0.40', 'precipitation_limit': '2.0', 'valves': [{'duration': '00:00:20', 'name': 'atras', 'gpio': 2, 'remains': '00:00:00'}, {'duration': '00:00:15', 'name': 'Frente', 'gpio': '1', 'remains': '00:00:00'}]}
2021-12-14 09:21:59 INFO     127.0.0.1 - - [14/Dec/2021 09:21:59] "PUT /set_duration/1/00:00:15 HTTP/1.1" 200 -
2021-12-14 09:26:56 INFO     Thread started
2021-12-14 09:26:56 INFO     Verificando hora programada09:23:00
2021-12-14 09:26:56 INFO     Flask started
2021-12-14 09:26:56 INFO      * Running on http://localhost:8080/ (Press CTRL+C to quit)
2021-12-14 09:27:01 INFO     Verificando hora programada09:23:00
2021-12-14 09:27:06 INFO     Verificando hora programada09:23:00
2021-12-14 09:27:11 INFO     Verificando hora programada09:23:00
2021-12-14 09:27:16 INFO     Verificando hora programada09:23:00
2021-12-14 09:27:21 INFO     Verificando hora programada09:23:00
2021-12-14 09:27:40 INFO     Thread started
2021-12-14 09:27:40 INFO     Verificando hora programada09:23:00
2021-12-14 09:27:40 INFO     Flask started
2021-12-14 09:27:40 INFO      * Running on http://localhost:8080/ (Press CTRL+C to quit)
2021-12-14 09:27:45 INFO     Verificando hora programada09:23:00
2021-12-14 09:27:50 INFO     Configurações modificadas:{'scheduled_time': '09:28:00', 'next_precipitation': '0.40', 'precipitation_limit': '2.0', 'valves': [{'duration': '00:00:20', 'name': 'atras', 'gpio': 2, 'remains': '00:00:00'}, {'duration': '00:00:15', 'name': 'Frente', 'gpio': '1', 'remains': '00:00:00'}]}
2021-12-14 09:27:50 INFO     127.0.0.1 - - [14/Dec/2021 09:27:50] "PUT /set_hour/09:28:00 HTTP/1.1" 200 -
2021-12-14 09:27:50 INFO     Verificando hora programada09:28:00
2021-12-14 09:27:56 INFO     Verificando hora programada09:28:00
2021-12-14 09:28:01 INFO     Verificando hora programada09:28:00
2021-12-14 09:28:06 INFO     Verificando hora programada09:28:00
2021-12-14 09:28:11 INFO     Verificando hora programada09:28:00
2021-12-14 09:28:16 INFO     Verificando hora programada09:28:00
2021-12-14 09:28:21 INFO     Verificando hora programada09:28:00
2021-12-14 09:28:26 INFO     Verificando hora programada09:28:00
2021-12-14 09:28:31 INFO     Verificando hora programada09:28:00
2021-12-14 09:28:36 INFO     Verificando hora programada09:28:00
2021-12-14 09:28:41 INFO     Verificando hora programada09:28:00
2021-12-14 09:28:46 INFO     Verificando hora programada09:28:00
2021-12-14 09:28:51 INFO     Verificando hora programada09:28:00
2021-12-14 09:28:56 INFO     Verificando hora programada09:28:00
2021-12-14 09:29:01 INFO     Verificando hora programada09:28:00
2021-12-14 09:29:06 INFO     Verificando hora programada09:28:00
2021-12-14 09:29:11 INFO     Verificando hora programada09:28:00
2021-12-14 09:29:16 INFO     Verificando hora programada09:28:00
2021-12-14 09:29:21 INFO     Verificando hora programada09:28:00
2021-12-14 09:29:26 INFO     Verificando hora programada09:28:00
2021-12-14 09:29:31 INFO     Verificando hora programada09:28:00
2021-12-14 09:29:36 INFO     Verificando hora programada09:28:00
2021-12-14 09:29:41 INFO     Verificando hora programada09:28:00
2021-12-14 09:29:46 INFO     Verificando hora programada09:28:00
2021-12-14 09:29:51 INFO     Verificando hora programada09:28:00
2021-12-14 09:29:56 INFO     Verificando hora programada09:28:00
2021-12-14 09:30:01 INFO     Verificando hora programada09:28:00
2021-12-14 09:30:06 INFO     Verificando hora programada09:28:00
2021-12-14 09:30:11 INFO     Verificando hora programada09:28:00
2021-12-14 09:30:16 INFO     Verificando hora programada09:28:00
2021-12-14 09:30:21 INFO     Verificando hora programada09:28:00
2021-12-14 09:30:26 INFO     Verificando hora programada09:28:00
2021-12-14 09:30:31 INFO     Verificando hora programada09:28:00
2021-12-14 09:30:36 INFO     Verificando hora programada09:28:00
